Сборка начата 10.10.2014 2:29:22.
     1>Проект "C:\Users\Иванычев\Google Диск\Работа\Программирование\Репозитории\iLab Compiler task\tasks\task1\sources\Utils\Utils.vcxproj" в узле 2 (целевые объекты Rebuild).
     1>C:\Program Files (x86)\MSBuild\Microsoft.Cpp\v4.0\V120\Microsoft.CppClean.targets(76,5): warning : Процесс не может получить доступ к файлу "c:\users\иванычев\google диск\работа\программирование\репозитории\ilab compiler task\tasks\task1\objects\debug\utils\utils.lib", так как этот файл используется другим процессом.
     1>C:\Program Files (x86)\MSBuild\Microsoft.Cpp\v4.0\V120\Microsoft.CppClean.targets(76,5): warning : Процесс не может получить доступ к файлу "c:\users\иванычев\google диск\работа\программирование\репозитории\ilab compiler task\tasks\task1\objects\debug\utils\utils.lib", так как этот файл используется другим процессом.
     1>ClCompile:
         C:\Program Files (x86)\Microsoft Visual Studio 12.0\VC\bin\CL.exe /c /Zi /nologo /W3 /WX- /Od /Oy- /D _DEBUG /Gm- /EHsc /MDd /GS /fp:precise /Zc:wchar_t /Zc:forScope /Fo"C:\Users\Иванычев\Google Диск\Работа\Программирование\Репозитории\iLab Compiler task\tasks\task1\\objects\Debug\Utils\\" /Fd"C:\Users\Иванычев\Google Диск\Работа\Программирование\Репозитории\iLab Compiler task\tasks\task1\\objects\Debug\Utils\vc120.pdb" /Gd /TP /analyze- /errorReport:prompt conf.cpp conf_utest.cpp list_utest.cpp log.cpp log_utest.cpp mem_mgr.cpp mem_pool.cpp mem_utest.cpp utest.cpp utils.cpp utils_utest.cpp
         conf.cpp
         conf_utest.cpp
         list_utest.cpp
         log.cpp
         log_utest.cpp
         mem_mgr.cpp
         mem_pool.cpp
         mem_utest.cpp
     1>mem_utest.cpp(247): warning C4101: strct: неиспользованная локальная переменная
         utest.cpp
         utils.cpp
         utils_utest.cpp
         Создание кода...
       Lib:
         C:\Program Files (x86)\Microsoft Visual Studio 12.0\VC\bin\Lib.exe /OUT:"C:\Users\Иванычев\Google Диск\Работа\Программирование\Репозитории\iLab Compiler task\tasks\task1\\objects\Debug\Utils\Utils.lib" /NOLOGO "C:\Users\Иванычев\Google Диск\Работа\Программирование\Репозитории\iLab Compiler task\tasks\task1\\objects\Debug\Utils\conf.obj"
         "C:\Users\Иванычев\Google Диск\Работа\Программирование\Репозитории\iLab Compiler task\tasks\task1\\objects\Debug\Utils\conf_utest.obj"
         "C:\Users\Иванычев\Google Диск\Работа\Программирование\Репозитории\iLab Compiler task\tasks\task1\\objects\Debug\Utils\list_utest.obj"
         "C:\Users\Иванычев\Google Диск\Работа\Программирование\Репозитории\iLab Compiler task\tasks\task1\\objects\Debug\Utils\log.obj"
         "C:\Users\Иванычев\Google Диск\Работа\Программирование\Репозитории\iLab Compiler task\tasks\task1\\objects\Debug\Utils\log_utest.obj"
         "C:\Users\Иванычев\Google Диск\Работа\Программирование\Репозитории\iLab Compiler task\tasks\task1\\objects\Debug\Utils\mem_mgr.obj"
         "C:\Users\Иванычев\Google Диск\Работа\Программирование\Репозитории\iLab Compiler task\tasks\task1\\objects\Debug\Utils\mem_pool.obj"
         "C:\Users\Иванычев\Google Диск\Работа\Программирование\Репозитории\iLab Compiler task\tasks\task1\\objects\Debug\Utils\mem_utest.obj"
         "C:\Users\Иванычев\Google Диск\Работа\Программирование\Репозитории\iLab Compiler task\tasks\task1\\objects\Debug\Utils\utest.obj"
         "C:\Users\Иванычев\Google Диск\Работа\Программирование\Репозитории\iLab Compiler task\tasks\task1\\objects\Debug\Utils\utils.obj"
         "C:\Users\Иванычев\Google Диск\Работа\Программирование\Репозитории\iLab Compiler task\tasks\task1\\objects\Debug\Utils\utils_utest.obj"
     1>mem_pool.obj : warning LNK4221: ▌ЄюЄ Їрщы юс·хъЄр эх юяЁхфхы хЄ ъръшх-ышсю Ёрэхх эхюяЁхфхыхээ√х юЄъЁ√Є√х ёшьтюы√, яю¤Єюьє юэ эх сєфхЄ шёяюы№чютрЄ№ё  эшъръшьш юяхЁрЎш ьш ъюьяюэютъш, юсЁр∙р■∙шьшё  ъ ¤Єющ сшсышюЄхъх
         Utils.vcxproj -> C:\Users\Иванычев\Google Диск\Работа\Программирование\Репозитории\iLab Compiler task\tasks\task1\\objects\Debug\Utils\Utils.lib
     1>Сборка проекта "C:\Users\Иванычев\Google Диск\Работа\Программирование\Репозитории\iLab Compiler task\tasks\task1\sources\Utils\Utils.vcxproj" завершена (целевые объекты Rebuild).

Сборка успешно завершена.

Затраченное время: 00:00:09.83
